0 info it worked if it ends with ok
1 verbose cli [ '/home/ubuntu/.nvm/versions/node/v4.3.2/bin/node',
1 verbose cli   '/home/ubuntu/.nvm/versions/node/v4.3.2/bin/npm',
1 verbose cli   'run',
1 verbose cli   'eslint' ]
2 info using npm@2.14.12
3 info using node@v4.3.2
4 verbose run-script [ 'preeslint', 'eslint', 'posteslint' ]
5 info preeslint @
6 info eslint @
7 verbose unsafe-perm in lifecycle true
8 info @ Failed to exec eslint script
9 verbose stack Error: @ eslint: `eslint --config ./.eslintrc ./js/*`
9 verbose stack Exit status 1
9 verbose stack     at EventEmitter.<anonymous> (/home/ubuntu/.nvm/versions/node/v4.3.2/lib/node_modules/npm/lib/utils/lifecycle.js:214:16)
9 verbose stack     at emitTwo (events.js:87:13)
9 verbose stack     at EventEmitter.emit (events.js:172:7)
9 verbose stack     at ChildProcess.<anonymous> (/home/ubuntu/.nvm/versions/node/v4.3.2/lib/node_modules/npm/lib/utils/spawn.js:24:14)
9 verbose stack     at emitTwo (events.js:87:13)
9 verbose stack     at ChildProcess.emit (events.js:172:7)
9 verbose stack     at maybeClose (internal/child_process.js:821:16)
9 verbose stack     at Process.ChildProcess._handle.onexit (internal/child_process.js:211:5)
10 verbose pkgid @
11 verbose cwd /home/ubuntu/workspace
12 error Linux 4.2.0-c9
13 error argv "/home/ubuntu/.nvm/versions/node/v4.3.2/bin/node" "/home/ubuntu/.nvm/versions/node/v4.3.2/bin/npm" "run" "eslint"
14 error node v4.3.2
15 error npm  v2.14.12
16 error code ELIFECYCLE
17 error @ eslint: `eslint --config ./.eslintrc ./js/*`
17 error Exit status 1
18 error Failed at the @ eslint script 'eslint --config ./.eslintrc ./js/*'.
18 error This is most likely a problem with the  package,
18 error not with npm itself.
18 error Tell the author that this fails on your system:
18 error     eslint --config ./.eslintrc ./js/*
18 error You can get their info via:
18 error     npm owner ls
18 error There is likely additional logging output above.
19 verbose exit [ 1, true ]
